android-tv/app/build/outputs/mapping/release/seeds.txt
com.kvideo.tv.MainActivity
com.kvideo.tv.MainActivity: MainActivity()
com.kvideo.tv.MainActivity$AndroidPlayerBridge: boolean enterPictureInPicture(int,int,int,int,int,int)
com.kvideo.tv.MainActivity$AndroidPlayerBridge: boolean isPictureInPictureSupported()
...
org.chromium.support_lib_boundary.WebViewBuilderBoundaryInterface$ConfigField: int JAVASCRIPT_INTERFACE
org.chromium.support_lib_boundary.WebSettingsBoundaryInterface$WebViewMediaIntegrityApiStatus: int ENABLED_WITHOUT_APP_IDENTITY
androidx.lifecycle.Lifecycle$Event: androidx.lifecycle.Lifecycle$Event ON_STOP
kotlinx.coroutines.scheduling.CoroutineScheduler: int _isTerminated
org.chromium.support_lib_boundary.WebSettingsBoundaryInterface$ForceDarkBehavior: int PREFER_MEDIA_QUERY_OVER_FORCE_DARK
androidx.lifecycle.Lifecycle$Event: androidx.lifecycle.Lifecycle$Event$Companion Companion
kotlinx.coroutines.DefaultExecutor: java.lang.Thread _thread
androidx.concurrent.futures.AbstractResolvableFuture: androidx.concurrent.futures.AbstractResolvableFuture$Listener listeners
androidx.lifecycle.ReportFragment$LifecycleCallbacks: androidx.lifecycle.ReportFragment$LifecycleCallbacks$Companion Companion
kotlinx.coroutines.JobSupport: java.lang.Object _state
org.chromium.support_lib_boundary.WebSettingsBoundaryInterface$ForceDarkBehavior: int MEDIA_QUERY_ONLY
kotlinx.coroutines.scheduling.WorkQueue: int consumerIndex
org.chromium.support_lib_boundary.WebViewProviderFactoryBoundaryInterface: java.lang.String MULTI_COOKIE_VALUE_SEPARATOR
kotlinx.coroutines.internal.LimitedDispatcher: int runningWorkers
org.chromium.support_lib_boundary.WebMessagePayloadBoundaryInterface$WebMessagePayloadType: int TYPE_ARRAY_BUFFER
androidx.lifecycle.Lifecycle$Event: androidx.lifecycle.Lifecycle$Event ON_RESUME
org.chromium.support_lib_boundary.WebSettingsBoundaryInterface$WebauthnSupport: int APP
kotlinx.coroutines.internal.ThreadSafeHeap: int _size
androidx.activity.result.ActivityResult: android.os.Parcelable$Creator CREATOR
org.chromium.support_lib_boundary.WebSettingsBoundaryInterface$WebauthnSupport: int BROWSER
kotlinx.coroutines.android.HandlerContext: kotlinx.coroutines.android.HandlerContext _immediate
androidx.concurrent.futures.AbstractResolvableFuture$Waiter: java.lang.Thread thread
kotlinx.coroutines.internal.LockFreeTaskQueueCore: java.lang.Object _next
kotlinx.coroutines.internal.LockFreeTaskQueue: java.lang.Object _cur
kotlinx.coroutines.scheduling.WorkQueue: int blockingTasksInBuffer
org.chromium.support_lib_boundary.WebSettingsBoundaryInterface$AttributionBehavior: int DISABLED
org.chromium.support_lib_boundary.WebSettingsBoundaryInterface$WebauthnSupport: int NONE
kotlinx.coroutines.internal.LockFreeLinkedListNode: java.lang.Object _next
org.chromium.support_lib_boundary.ProcessGlobalConfigConstants: java.lang.String DATA_DIRECTORY_BASE_PATH
org.chromium.support_lib_boundary.WebSettingsBoundaryInterface$SpeculativeLoadingStatus: int PRERENDER_ENABLED
kotlinx.coroutines.internal.LockFreeLinkedListNode: java.lang.Object _removedRef
androidx.versionedparcelable.ParcelImpl: android.os.Parcelable$Creator CREATOR
org.chromium.support_lib_boundary.WebSettingsBoundaryInterface$WebViewMediaIntegrityApiStatus: int DISABLED
org.chromium.support_lib_boundary.WebSettingsBoundaryInterface$ForceDarkBehavior: int FORCE_DARK_ONLY
org.chromium.support_lib_boundary.WebViewBuilderBoundaryInterface$Config: int baseline
kotlinx.coroutines.internal.LockFreeTaskQueueCore: long _state
kotlinx.coroutines.InvokeOnCancelling: int _invoked
androidx.lifecycle.Lifecycle$Event: androidx.lifecycle.Lifecycle$Event ON_DESTROY
org.chromium.support_lib_boundary.ProcessGlobalConfigConstants: java.lang.String CACHE_DIRECTORY_BASE_PATH
kotlinx.coroutines.EventLoopImplBase: int _isCompleted
kotlinx.coroutines.EventLoopImplBase: java.lang.Object _queue
kotlinx.coroutines.internal.AtomicOp: java.lang.Object _consensus
kotlinx.coroutines.scheduling.WorkQueue: java.lang.Object lastScheduledTask
org.chromium.support_lib_boundary.WebViewBuilderBoundaryInterface$Baseline: int DEFAULT
kotlinx.coroutines.android.AndroidExceptionPreHandler: java.lang.Object _preHandler
androidx.lifecycle.Lifecycle$Event: androidx.lifecycle.Lifecycle$Event[] $VALUES