android-tv/app/build/outputs/mapping/release/mapping.txt
# compiler: R8
# compiler_version: 8.2.33
# min_api: 26
# common_typos_disable
# {"id":"com.android.tools.r8.mapping","version":"2.2"}
# pg_map_id: beaeba0
# pg_map_hash: SHA-256 beaeba0afe8fb6bb7c7588c5e72cd215d96d1d6da7bcc8275ea581fb371906d5
com.kvideo.tv.MainActivity -> com.kvideo.tv.MainActivity:
# {"id":"sourceFile","fileName":"MainActivity.kt"}
    android.webkit.WebChromeClient$CustomViewCallback customViewCallback -> A
    boolean wasSetupVisibleBeforeFullscreen -> B
    int $r8$clinit -> C
      # {"id":"com.android.tools.r8.synthesized"}
    android.webkit.WebView webView -> s
    android.view.View setupContainer -> t
    android.widget.FrameLayout fullscreenContainer -> u
    android.widget.EditText urlInput -> v
    android.widget.TextView statusText -> w
    android.widget.Button openButton -> x
    android.content.SharedPreferences prefs -> y
    android.view.View customView -> z
    0:3:void <init>():38:38 -> <init>
    5:14:android.graphics.Rect createSourceRectHint(int,int,int,int):465:465 -> d
    5:14:android.graphics.Rect access$createSourceRectHint(com.kvideo.tv.MainActivity,int,int,int,int):38 -> d
    15:18:android.graphics.Rect createSourceRectHint(int,int,int,int):466:466 -> d
    15:18:android.graphics.Rect access$createSourceRectHint(com.kvideo.tv.MainActivity,int,int,int,int):38 -> d
    19:24:android.graphics.Rect createSourceRectHint(int,int,int,int):467:467 -> d
    19:24:android.graphics.Rect access$createSourceRectHint(com.kvideo.tv.MainActivity,int,int,int,int):38 -> d
    25:30:android.graphics.Rect createSourceRectHint(int,int,int,int):468:468 -> d
    25:30:android.graphics.Rect access$createSourceRectHint(com.kvideo.tv.MainActivity,int,int,int,int):38 -> d
com.kvideo.tv.MainActivity$$ExternalSyntheticLambda0 -> q.a:
# {"id":"sourceFile","fileName":"R8$$SyntheticClass"}
# {"id":"com.android.tools.r8.synthesized"}
    int com.kvideo.tv.MainActivity$$InternalSyntheticLambda$1$85016766d96456477fbf536fda79665da9529046270be67cdb38b840aeecda8b$0.$r8$classId -> a
      # {"id":"com.android.tools.r8.synthesized"}
    com.kvideo.tv.MainActivity com.kvideo.tv.MainActivity$$InternalSyntheticLambda$1$85016766d96456477fbf536fda79665da9529046270be67cdb38b840aeecda8b$0.f$0 -> b
      # {"id":"com.android.tools.r8.synthesized"}
    0:7:void com.kvideo.tv.MainActivity$$InternalSyntheticLambda$1$85016766d96456477fbf536fda79665da9529046270be67cdb38b840aeecda8b$0.<init>(com.kvideo.tv.MainActivity):0:0 -> <init>
    0:7:void com.kvideo.tv.MainActivity$$InternalSyntheticLambda$1$85016766d96456477fbf536fda79665da9529046270be67cdb38b840aeecda8b$0.$r8$init$synthetic(com.kvideo.tv.MainActivity,int):0 -> <init>
      # {"id":"com.android.tools.r8.synthesized"}
    11:13:void com.kvideo.tv.MainActivity.showSetup$lambda$5(com.kvideo.tv.MainActivity,android.view.View):0:0 -> onClick
    11:13:void com.kvideo.tv.MainActivity$$InternalSyntheticLambda$1$85016766d96456477fbf536fda79665da9529046270be67cdb38b840aeecda8b$0.onClick$bridge(android.view.View):0 -> onClick
      # {"id":"com.android.tools.r8.synthesized"}
    14:17:void com.kvideo.tv.MainActivity.showSetup$lambda$5(com.kvideo.tv.MainActivity,android.view.View):318:318 -> onClick
...
org.chromium.support_lib_boundary.WebMessageBoundaryInterface -> org.chromium.support_lib_boundary.WebMessageBoundaryInterface:
# {"id":"sourceFile","fileName":"WebMessageBoundaryInterface.java"}
org.chromium.support_lib_boundary.WebMessageCallbackBoundaryInterface -> org.chromium.support_lib_boundary.WebMessageCallbackBoundaryInterface:
# {"id":"sourceFile","fileName":"WebMessageCallbackBoundaryInterface.java"}
org.chromium.support_lib_boundary.WebMessageListenerBoundaryInterface -> org.chromium.support_lib_boundary.WebMessageListenerBoundaryInterface:
# {"id":"sourceFile","fileName":"WebMessageListenerBoundaryInterface.java"}
org.chromium.support_lib_boundary.WebMessagePayloadBoundaryInterface -> org.chromium.support_lib_boundary.WebMessagePayloadBoundaryInterface:
# {"id":"sourceFile","fileName":"WebMessagePayloadBoundaryInterface.java"}
org.chromium.support_lib_boundary.WebMessagePayloadBoundaryInterface$WebMessagePayloadType -> org.chromium.support_lib_boundary.WebMessagePayloadBoundaryInterface$WebMessagePayloadType:
# {"id":"sourceFile","fileName":"WebMessagePayloadBoundaryInterface.java"}
org.chromium.support_lib_boundary.WebMessagePortBoundaryInterface -> org.chromium.support_lib_boundary.WebMessagePortBoundaryInterface:
# {"id":"sourceFile","fileName":"WebMessagePortBoundaryInterface.java"}
org.chromium.support_lib_boundary.WebResourceErrorBoundaryInterface -> org.chromium.support_lib_boundary.WebResourceErrorBoundaryInterface:
# {"id":"sourceFile","fileName":"WebResourceErrorBoundaryInterface.java"}
org.chromium.support_lib_boundary.WebResourceRequestBoundaryInterface -> org.chromium.support_lib_boundary.WebResourceRequestBoundaryInterface:
# {"id":"sourceFile","fileName":"WebResourceRequestBoundaryInterface.java"}
org.chromium.support_lib_boundary.WebSettingsBoundaryInterface -> org.chromium.support_lib_boundary.WebSettingsBoundaryInterface:
# {"id":"sourceFile","fileName":"WebSettingsBoundaryInterface.java"}
org.chromium.support_lib_boundary.WebSettingsBoundaryInterface$AttributionBehavior -> org.chromium.support_lib_boundary.WebSettingsBoundaryInterface$AttributionBehavior:
# {"id":"sourceFile","fileName":"WebSettingsBoundaryInterface.java"}
org.chromium.support_lib_boundary.WebSettingsBoundaryInterface$ForceDarkBehavior -> org.chromium.support_lib_boundary.WebSettingsBoundaryInterface$ForceDarkBehavior:
# {"id":"sourceFile","fileName":"WebSettingsBoundaryInterface.java"}
org.chromium.support_lib_boundary.WebSettingsBoundaryInterface$SpeculativeLoadingStatus -> org.chromium.support_lib_boundary.WebSettingsBoundaryInterface$SpeculativeLoadingStatus:
# {"id":"sourceFile","fileName":"WebSettingsBoundaryInterface.java"}
org.chromium.support_lib_boundary.WebSettingsBoundaryInterface$WebViewMediaIntegrityApiStatus -> org.chromium.support_lib_boundary.WebSettingsBoundaryInterface$WebViewMediaIntegrityApiStatus:
# {"id":"sourceFile","fileName":"WebSettingsBoundaryInterface.java"}
org.chromium.support_lib_boundary.WebSettingsBoundaryInterface$WebauthnSupport -> org.chromium.support_lib_boundary.WebSettingsBoundaryInterface$WebauthnSupport:
# {"id":"sourceFile","fileName":"WebSettingsBoundaryInterface.java"}
org.chromium.support_lib_boundary.WebStorageBoundaryInterface -> org.chromium.support_lib_boundary.WebStorageBoundaryInterface:
# {"id":"sourceFile","fileName":"WebStorageBoundaryInterface.java"}
org.chromium.support_lib_boundary.WebViewBuilderBoundaryInterface -> org.chromium.support_lib_boundary.WebViewBuilderBoundaryInterface:
# {"id":"sourceFile","fileName":"WebViewBuilderBoundaryInterface.java"}
org.chromium.support_lib_boundary.WebViewBuilderBoundaryInterface$Baseline -> org.chromium.support_lib_boundary.WebViewBuilderBoundaryInterface$Baseline:
# {"id":"sourceFile","fileName":"WebViewBuilderBoundaryInterface.java"}