android-tv/app/build/outputs/mapping/release/usage.txt
com.kvideo.tv.BuildConfig
com.kvideo.tv.MainActivity:
    private static final java.lang.String PREFS_NAME
    private static final java.lang.String PREF_SERVER_URL
    private static final java.lang.String TAG
com.kvideo.tv.R$drawable
com.kvideo.tv.R$id:
    private void <init>()
com.kvideo.tv.R$layout:
    private void <init>()
com.kvideo.tv.R$mipmap
com.kvideo.tv.R$string:
    public static int app_name
    public static int button_save
    public static int setup_description
    public static int setup_footer
    public static int setup_hint
    public static int setup_security_note
    public static int setup_title
    private void <init>()
com.kvideo.tv.R$style
com.kvideo.tv.R
com.kvideo.tv.MainActivity$$InternalSyntheticLambda$1$13e65c429b33c3ccbddec1e690f2a84ad08a79b936dee920b986c0e0e5cf38aa$0
com.kvideo.tv.MainActivity$$InternalSyntheticLambda$1$ec168225edbac9dbd2acaf74bdb59a0395ce9fbf74b3cd4d1a6bd41b1d23a81b$1
com.kvideo.tv.MainActivity$Companion
com.kvideo.tv.MainActivity:
    public static final androidx.activity.BackEventCompat$Companion Companion
    public android.widget.Button saveButton
    static void <clinit>()
    public static final boolean access$isPictureInPictureSupported(com.kvideo.tv.MainActivity)
    public static final void access$showStatus(com.kvideo.tv.MainActivity,java.lang.String)
    public static android.graphics.Rect createSourceRectHint()
    public static void dispatchPictureInPictureChange()
    public static boolean isAllowedNavigationTarget()
    public static boolean isPictureInPictureSupported()
    public static void showStatus()
com.kvideo.tv.R$id
com.kvideo.tv.R$layout
com.kvideo.tv.R$string
...
kotlin.collections.unsigned.UArraysKt___UArraysJvmKt$asList$4
kotlin.collections.unsigned.UArraysKt___UArraysJvmKt
kotlin.collections.unsigned.UArraysKt___UArraysKt$withIndex$1
kotlin.collections.unsigned.UArraysKt___UArraysKt$withIndex$2
kotlin.collections.unsigned.UArraysKt___UArraysKt$withIndex$3
kotlin.collections.unsigned.UArraysKt___UArraysKt$withIndex$4
kotlin.collections.unsigned.UArraysKt___UArraysKt
kotlin.comparisons.ComparisonsKt:
    private void <init>()
kotlin.comparisons.ComparisonsKt__ComparisonsKt$compareBy$2
kotlin.comparisons.ComparisonsKt__ComparisonsKt$compareBy$3
kotlin.comparisons.ComparisonsKt__ComparisonsKt$compareByDescending$1
kotlin.comparisons.ComparisonsKt__ComparisonsKt$compareByDescending$2
kotlin.comparisons.ComparisonsKt__ComparisonsKt$thenBy$1
kotlin.comparisons.ComparisonsKt__ComparisonsKt$thenBy$2
kotlin.comparisons.ComparisonsKt__ComparisonsKt$thenByDescending$1
kotlin.comparisons.ComparisonsKt__ComparisonsKt$thenByDescending$2
kotlin.comparisons.ComparisonsKt__ComparisonsKt$thenComparator$1
kotlin.comparisons.ComparisonsKt__ComparisonsKt:
    public void <init>()
    private static final java.util.Comparator compareBy(java.util.Comparator,kotlin.jvm.functions.Function1)
    private static final java.util.Comparator compareBy(kotlin.jvm.functions.Function1)
    public static final varargs java.util.Comparator compareBy(kotlin.jvm.functions.Function1[])
    private static final int compareBy$lambda$0$ComparisonsKt__ComparisonsKt(kotlin.jvm.functions.Function1[],java.lang.Object,java.lang.Object)
    private static final java.util.Comparator compareByDescending(java.util.Comparator,kotlin.jvm.functions.Function1)
    private static final java.util.Comparator compareByDescending(kotlin.jvm.functions.Function1)
    private static final int compareValuesBy(java.lang.Object,java.lang.Object,java.util.Comparator,kotlin.jvm.functions.Function1)
    private static final int compareValuesBy(java.lang.Object,java.lang.Object,kotlin.jvm.functions.Function1)
    public static final varargs int compareValuesBy(java.lang.Object,java.lang.Object,kotlin.jvm.functions.Function1[])
    private static final int compareValuesByImpl$ComparisonsKt__ComparisonsKt(java.lang.Object,java.lang.Object,kotlin.jvm.functions.Function1[])
    public static final java.util.Comparator naturalOrder()
    private static final java.util.Comparator nullsFirst()
    public static final java.util.Comparator nullsFirst(java.util.Comparator)
kotlin.comparisons.ComparisonsKt___ComparisonsJvmKt:
    public void <init>()
    private static final byte maxOf(byte,byte)
    private static final byte maxOf(byte,byte,byte)
    public static final varargs byte maxOf(byte,byte[])
    private static final double maxOf(double,double)
    private static final double maxOf(double,double,double)
    public static final varargs double maxOf(double,double[])
    private static final float maxOf(float,float)
    private static final float maxOf(float,float,float)
    public static final varargs float maxOf(float,float[])
    private static final int maxOf(int,int)
    private static final int maxOf(int,int,int)
    public static final varargs int maxOf(int,int[])
    private static final long maxOf(long,long)
    private static final long maxOf(long,long,long)
    public static final varargs long maxOf(long,long[])
    public static final java.lang.Comparable maxOf(java.lang.Comparable,java.lang.Comparable)
    public static final java.lang.Comparable maxOf(java.lang.Comparable,java.lang.Comparable,java.lang.Comparable)
    public static final varargs java.lang.Comparable maxOf(java.lang.Comparable,java.lang.Comparable[])
    private static final short maxOf(short,short)
    private static final short maxOf(short,short,short)
    public static final varargs short maxOf(short,short[])
    private static final byte minOf(byte,byte)
    private static final byte minOf(byte,byte,byte)